   1               		.file	"MassStorage.c"
   2               	__SREG__ = 0x3f
   3               	__SP_H__ = 0x3e
   4               	__SP_L__ = 0x3d
   5               	__CCP__  = 0x34
   6               	__tmp_reg__ = 0
   7               	__zero_reg__ = 1
  15               	.Ltext0:
  16               		.section	.text.EVENT_USB_Device_Connect,"ax",@progbits
  17               	.global	EVENT_USB_Device_Connect
  19               	EVENT_USB_Device_Connect:
  20               	.LFB121:
  21               	.LSM0:
  22               	/* prologue: function */
  23               	/* frame size = 0 */
  24               	.LBB21:
  25               	.LBB22:
  26               	.LSM1:
  27 0000 8BB1      		in r24,43-32
  28 0002 8F70      		andi r24,lo8(15)
  29 0004 806A      		ori r24,lo8(-96)
  30 0006 8BB9      		out 43-32,r24
  31               	/* epilogue start */
  32               	.LBE22:
  33               	.LBE21:
  34               	.LSM2:
  35 0008 0895      		ret
  36               	.LFE121:
  38               		.section	.text.EVENT_USB_Device_Disconnect,"ax",@progbits
  39               	.global	EVENT_USB_Device_Disconnect
  41               	EVENT_USB_Device_Disconnect:
  42               	.LFB122:
  43               	.LSM3:
  44               	/* prologue: function */
  45               	/* frame size = 0 */
  46               	.LBB23:
  47               	.LBB24:
  48               	.LSM4:
  49 0000 8BB1      		in r24,43-32
  50 0002 8F70      		andi r24,lo8(15)
  51 0004 8061      		ori r24,lo8(16)
  52 0006 8BB9      		out 43-32,r24
  53               	/* epilogue start */
  54               	.LBE24:
  55               	.LBE23:
  56               	.LSM5:
  57 0008 0895      		ret
  58               	.LFE122:
  60               		.section	.text.CALLBACK_MS_Device_SCSICommandReceived,"ax",@progbits
  61               	.global	CALLBACK_MS_Device_SCSICommandReceived
  63               	CALLBACK_MS_Device_SCSICommandReceived:
  64               	.LFB125:
  65               	.LSM6:
  66               	.LVL0:
  67               	/* prologue: function */
  68               	/* frame size = 0 */
  69               	.LBB25:
  70               	.LBB26:
  71               	.LSM7:
  72 0000 2BB1      		in r18,43-32
  73 0002 2F70      		andi r18,lo8(15)
  74 0004 2062      		ori r18,lo8(32)
  75 0006 2BB9      		out 43-32,r18
  76               	.LBE26:
  77               	.LBE25:
  78               	.LSM8:
  79 0008 0E94 0000 		call SCSI_DecodeSCSICommand
  80               	.LVL1:
  81               	.LBB27:
  82               	.LBB28:
  83               	.LSM9:
  84 000c 9BB1      		in r25,43-32
  85 000e 9F70      		andi r25,lo8(15)
  86 0010 9066      		ori r25,lo8(96)
  87 0012 9BB9      		out 43-32,r25
  88               	/* epilogue start */
  89               	.LBE28:
  90               	.LBE27:
  91               	.LSM10:
  92 0014 0895      		ret
  93               	.LFE125:
  95               		.section	.text.EVENT_USB_Device_ControlRequest,"ax",@progbits
  96               	.global	EVENT_USB_Device_ControlRequest
  98               	EVENT_USB_Device_ControlRequest:
  99               	.LFB124:
 100               	.LSM11:
 101               	/* prologue: function */
 102               	/* frame size = 0 */
 103               	.LSM12:
 104 0000 80E0      		ldi r24,lo8(Disk_MS_Interface)
 105 0002 90E0      		ldi r25,hi8(Disk_MS_Interface)
 106 0004 0E94 0000 		call MS_Device_ProcessControlRequest
 107               	/* epilogue start */
 108               	.LSM13:
 109 0008 0895      		ret
 110               	.LFE124:
 112               		.section	.text.EVENT_USB_Device_ConfigurationChanged,"ax",@progbits
 113               	.global	EVENT_USB_Device_ConfigurationChanged
 115               	EVENT_USB_Device_ConfigurationChanged:
 116               	.LFB123:
 117               	.LSM14:
 118               	/* prologue: function */
 119               	/* frame size = 0 */
 120               	.LSM15:
 121 0000 80E0      		ldi r24,lo8(Disk_MS_Interface)
 122 0002 90E0      		ldi r25,hi8(Disk_MS_Interface)
 123 0004 0E94 0000 		call MS_Device_ConfigureEndpoints
 124               	.LSM16:
 125 0008 80FD      		sbrc r24,0
 126 000a 00C0      		rjmp .L10
 127 000c 90E9      		ldi r25,lo8(-112)
 128 000e 00C0      		rjmp .L11
 129               	.L10:
 130 0010 90E6      		ldi r25,lo8(96)
 131               	.L11:
 132               	.LBB29:
 133               	.LBB30:
 134               	.LSM17:
 135 0012 8BB1      		in r24,43-32
 136 0014 8F70      		andi r24,lo8(15)
 137 0016 982B      		or r25,r24
 138 0018 9BB9      		out 43-32,r25
 139               	/* epilogue start */
 140               	.LBE30:
 141               	.LBE29:
 142               	.LSM18:
 143 001a 0895      		ret
 144               	.LFE123:
 146               		.section	.text.SetupHardware,"ax",@progbits
 147               	.global	SetupHardware
 149               	SetupHardware:
 150               	.LFB120:
 151               	.LSM19:
 152               	/* prologue: function */
 153               	/* frame size = 0 */
 154               	.LSM20:
 155 0000 84B7      		in r24,84-32
 156 0002 877F      		andi r24,lo8(-9)
 157 0004 84BF      		out 84-32,r24
 158               	.LSM21:
 159 0006 88E1      		ldi r24,lo8(24)
 160               	/* #APP */
 161               	 ;  84 "MassStorage.c" 1
 162 0008 0FB6      		in __tmp_reg__, __SREG__
 163 000a F894      		cli
 164 000c 8093 6000 		sts 96, r24
 165 0010 1092 6000 		sts 96, __zero_reg__
 166 0014 0FBE      		out __SREG__,__tmp_reg__
 167               		
 168               	 ;  0 "" 2
 169               	/* #NOAPP */
 170               	.LBB31:
 171               	.LSM22:
 172 0016 80E0      		ldi r24,lo8(0)
 173 0018 90E0      		ldi r25,hi8(0)
 174 001a 20E8      		ldi r18,lo8(-128)
 175               	/* #APP */
 176               	 ;  87 "MassStorage.c" 1
 177 001c 0FB6      		in __tmp_reg__,__SREG__
 178 001e F894      		cli
 179 0020 2093 6100 		sts 97, r18
 180 0024 8093 6100 		sts 97, r24
 181 0028 0FBE      		out __SREG__, __tmp_reg__
 182               	 ;  0 "" 2
 183               	/* #NOAPP */
 184               	.LBE31:
 185               	.LBB32:
 186               	.LBB33:
 187               	.LSM23:
 188 002a 8AB1      		in r24,42-32
 189 002c 806F      		ori r24,lo8(-16)
 190 002e 8AB9      		out 42-32,r24
 191               	.LSM24:
 192 0030 8BB1      		in r24,43-32
 193 0032 8F70      		andi r24,lo8(15)
 194 0034 8BB9      		out 43-32,r24
 195               	.LBE33:
 196               	.LBE32:
 197               	.LBB34:
 198               	.LBB35:
 199               	.LSM25:
 200 0036 84B1      		in r24,36-32
 201 0038 8660      		ori r24,lo8(6)
 202 003a 84B9      		out 36-32,r24
 203               	.LSM26:
 204 003c 84B1      		in r24,36-32
 205 003e 867F      		andi r24,lo8(-10)
 206 0040 84B9      		out 36-32,r24
 207               	.LSM27:
 208 0042 85B1      		in r24,37-32
 209 0044 8960      		ori r24,lo8(9)
 210 0046 85B9      		out 37-32,r24
 211               	.LSM28:
 212 0048 8CE5      		ldi r24,lo8(92)
 213 004a 8CBD      		out 76-32,r24
 214               	.LSM29:
 215 004c 8DB5      		in r24,77-32
 216 004e 8160      		ori r24,lo8(1)
 217 0050 8DBD      		out 77-32,r24
 218               	.LBE35:
 219               	.LBE34:
 220               	.LBB36:
 221               	.LBB37:
 222               	.LSM30:
 223 0052 8DB1      		in r24,45-32
 224 0054 8360      		ori r24,lo8(3)
 225 0056 8DB9      		out 45-32,r24
 226               	.LSM31:
 227 0058 8EB1      		in r24,46-32
 228 005a 8360      		ori r24,lo8(3)
 229 005c 8EB9      		out 46-32,r24
 230               	.LBE37:
 231               	.LBE36:
 232               	.LSM32:
 233 005e 0E94 0000 		call USB_Init
 234               	.LSM33:
 235 0062 0E94 0000 		call DataflashManager_ResetDataflashProtections
 236               	/* epilogue start */
 237               	.LSM34:
 238 0066 0895      		ret
 239               	.LFE120:
 241               		.section	.text.main,"ax",@progbits
 242               	.global	main
 244               	main:
 245               	.LFB119:
 246               	.LSM35:
 247               	/* prologue: function */
 248               	/* frame size = 0 */
 249               	.LSM36:
 250 0000 0E94 0000 		call SetupHardware
 251               	.LBB38:
 252               	.LBB39:
 253               	.LSM37:
 254 0004 8BB1      		in r24,43-32
 255 0006 8F70      		andi r24,lo8(15)
 256 0008 8061      		ori r24,lo8(16)
 257 000a 8BB9      		out 43-32,r24
 258               	.LBE39:
 259               	.LBE38:
 260               	.LSM38:
 261               	/* #APP */
 262               	 ;  70 "MassStorage.c" 1
 263 000c 7894      		sei
 264               	 ;  0 "" 2
 265               	/* #NOAPP */
 266               	.L16:
 267               	.LSM39:
 268 000e 80E0      		ldi r24,lo8(Disk_MS_Interface)
 269 0010 90E0      		ldi r25,hi8(Disk_MS_Interface)
 270 0012 0E94 0000 		call MS_Device_USBTask
 271               	.LSM40:
 272 0016 0E94 0000 		call USB_USBTask
 273 001a 00C0      		rjmp .L16
 274               	.LFE119:
 276               	.global	Disk_MS_Interface
 277               		.data
 280               	Disk_MS_Interface:
 281 0000 00        		.byte	0
 282 0001 03        		.byte	3
 283 0002 4000      		.word	64
 284 0004 00        		.byte	0
 285 0005 04        		.byte	4
 286 0006 4000      		.word	64
 287 0008 00        		.byte	0
 288 0009 01        		.byte	1
 289 000a 0000 0000 		.skip 45,0
 289      0000 0000 
 289      0000 0000 
 289      0000 0000 
 289      0000 0000 
 362               	.Letext0:
DEFINED SYMBOLS
                            *ABS*:00000000 MassStorage.c
C:\Users\Frankie\AppData\Local\Temp/ccTpjBda.s:2      *ABS*:0000003f __SREG__
C:\Users\Frankie\AppData\Local\Temp/ccTpjBda.s:3      *ABS*:0000003e __SP_H__
C:\Users\Frankie\AppData\Local\Temp/ccTpjBda.s:4      *ABS*:0000003d __SP_L__
C:\Users\Frankie\AppData\Local\Temp/ccTpjBda.s:5      *ABS*:00000034 __CCP__
C:\Users\Frankie\AppData\Local\Temp/ccTpjBda.s:6      *ABS*:00000000 __tmp_reg__
C:\Users\Frankie\AppData\Local\Temp/ccTpjBda.s:7      *ABS*:00000001 __zero_reg__
C:\Users\Frankie\AppData\Local\Temp/ccTpjBda.s:19     .text.EVENT_USB_Device_Connect:00000000 EVENT_USB_Device_Connect
C:\Users\Frankie\AppData\Local\Temp/ccTpjBda.s:41     .text.EVENT_USB_Device_Disconnect:00000000 EVENT_USB_Device_Disconnect
C:\Users\Frankie\AppData\Local\Temp/ccTpjBda.s:63     .text.CALLBACK_MS_Device_SCSICommandReceived:00000000 CALLBACK_MS_Device_SCSICommandReceived
C:\Users\Frankie\AppData\Local\Temp/ccTpjBda.s:98     .text.EVENT_USB_Device_ControlRequest:00000000 EVENT_USB_Device_ControlRequest
C:\Users\Frankie\AppData\Local\Temp/ccTpjBda.s:280    .data:00000000 Disk_MS_Interface
C:\Users\Frankie\AppData\Local\Temp/ccTpjBda.s:115    .text.EVENT_USB_Device_ConfigurationChanged:00000000 EVENT_USB_Device_ConfigurationChanged
C:\Users\Frankie\AppData\Local\Temp/ccTpjBda.s:149    .text.SetupHardware:00000000 SetupHardware
C:\Users\Frankie\AppData\Local\Temp/ccTpjBda.s:244    .text.main:00000000 main

UNDEFINED SYMBOLS
SCSI_DecodeSCSICommand
MS_Device_ProcessControlRequest
MS_Device_ConfigureEndpoints
USB_Init
DataflashManager_ResetDataflashProtections
MS_Device_USBTask
USB_USBTask
__do_copy_data
