   1               		.file	"Descriptors.c"
   2               	__SREG__ = 0x3f
   3               	__SP_H__ = 0x3e
   4               	__SP_L__ = 0x3d
   5               	__CCP__  = 0x34
   6               	__tmp_reg__ = 0
   7               	__zero_reg__ = 1
  15               	.Ltext0:
  16               		.section	.text.CALLBACK_USB_GetDescriptor,"ax",@progbits
  17               	.global	CALLBACK_USB_GetDescriptor
  19               	CALLBACK_USB_GetDescriptor:
  20               	.LFB96:
  21               	.LSM0:
  22               	.LVL0:
  23               	/* prologue: function */
  24               	/* frame size = 0 */
  25 0000 DA01      		movw r26,r20
  26               	.LSM1:
  27 0002 9230      		cpi r25,lo8(2)
  28               	.LVL1:
  29 0004 01F0      		breq .L4
  30               	.LVL2:
  31 0006 9330      		cpi r25,lo8(3)
  32 0008 01F0      		breq .L5
  33 000a 9130      		cpi r25,lo8(1)
  34 000c 01F4      		brne .L2
  35 000e E0E0      		ldi r30,lo8(DeviceDescriptor)
  36 0010 F0E0      		ldi r31,hi8(DeviceDescriptor)
  37               	.LVL3:
  38 0012 22E1      		ldi r18,lo8(18)
  39 0014 30E0      		ldi r19,hi8(18)
  40               	.LVL4:
  41 0016 00C0      		rjmp .L6
  42               	.LVL5:
  43               	.L4:
  44 0018 E0E0      		ldi r30,lo8(ConfigurationDescriptor)
  45 001a F0E0      		ldi r31,hi8(ConfigurationDescriptor)
  46               	.LVL6:
  47 001c 24E6      		ldi r18,lo8(100)
  48 001e 30E0      		ldi r19,hi8(100)
  49               	.LVL7:
  50 0020 00C0      		rjmp .L6
  51               	.LVL8:
  52               	.L5:
  53               	.LSM2:
  54 0022 8130      		cpi r24,lo8(1)
  55 0024 01F0      		breq .L8
  56 0026 8130      		cpi r24,lo8(1)
  57 0028 00F0      		brlo .L7
  58 002a 8230      		cpi r24,lo8(2)
  59 002c 01F4      		brne .L2
  60 002e 00C0      		rjmp .L12
  61               	.L7:
  62               	.LBB2:
  63               	.LSM3:
  64 0030 E0E0      		ldi r30,lo8(LanguageString)
  65 0032 F0E0      		ldi r31,hi8(LanguageString)
  66               	/* #APP */
  67               	 ;  299 "Descriptors.c" 1
  68 0034 8491      		lpm r24, Z
  69               		
  70               	 ;  0 "" 2
  71               	.LVL9:
  72               	/* #NOAPP */
  73 0036 00C0      		rjmp .L11
  74               	.LVL10:
  75               	.L8:
  76               	.LBE2:
  77               	.LBB3:
  78               	.LSM4:
  79 0038 E0E0      		ldi r30,lo8(ManufacturerString)
  80 003a F0E0      		ldi r31,hi8(ManufacturerString)
  81               	/* #APP */
  82               	 ;  303 "Descriptors.c" 1
  83 003c 8491      		lpm r24, Z
  84               		
  85               	 ;  0 "" 2
  86               	.LVL11:
  87               	/* #NOAPP */
  88 003e 00C0      		rjmp .L11
  89               	.LVL12:
  90               	.L12:
  91               	.LBE3:
  92               	.LBB4:
  93               	.LSM5:
  94 0040 E0E0      		ldi r30,lo8(ProductString)
  95 0042 F0E0      		ldi r31,hi8(ProductString)
  96               	/* #APP */
  97               	 ;  307 "Descriptors.c" 1
  98 0044 8491      		lpm r24, Z
  99               		
 100               	 ;  0 "" 2
 101               	.LVL13:
 102               	/* #NOAPP */
 103               	.L11:
 104               	.LBE4:
 105 0046 282F      		mov r18,r24
 106               	.LVL14:
 107 0048 30E0      		ldi r19,lo8(0)
 108               	.LVL15:
 109 004a 00C0      		rjmp .L6
 110               	.LVL16:
 111               	.L2:
 112 004c E0E0      		ldi r30,lo8(0)
 113 004e F0E0      		ldi r31,hi8(0)
 114               	.LVL17:
 115 0050 20E0      		ldi r18,lo8(0)
 116 0052 30E0      		ldi r19,hi8(0)
 117               	.LVL18:
 118               	.L6:
 119               	.LSM6:
 120 0054 ED93      		st X+,r30
 121 0056 FC93      		st X,r31
 122               	.LSM7:
 123 0058 C901      		movw r24,r18
 124               	.LVL19:
 125               	/* epilogue start */
 126 005a 0895      		ret
 127               	.LFE96:
 129               	.global	DeviceDescriptor
 130               		.section	.progmem.data,"a",@progbits
 133               	DeviceDescriptor:
 134 0000 12        		.byte	18
 135 0001 01        		.byte	1
 136 0002 1001      		.word	272
 137 0004 00        		.byte	0
 138 0005 00        		.byte	0
 139 0006 00        		.byte	0
 140 0007 08        		.byte	8
 141 0008 EB03      		.word	1003
 142 000a 4620      		.word	8262
 143 000c 0100      		.word	1
 144 000e 01        		.byte	1
 145 000f 02        		.byte	2
 146 0010 00        		.byte	0
 147 0011 01        		.byte	1
 148               	.global	ConfigurationDescriptor
 151               	ConfigurationDescriptor:
 152 0012 09        		.byte	9
 153 0013 02        		.byte	2
 154 0014 6400      		.word	100
 155 0016 02        		.byte	2
 156 0017 01        		.byte	1
 157 0018 00        		.byte	0
 158 0019 C0        		.byte	-64
 159 001a 32        		.byte	50
 160 001b 09        		.byte	9
 161 001c 04        		.byte	4
 162 001d 00        		.byte	0
 163 001e 00        		.byte	0
 164 001f 00        		.byte	0
 165 0020 01        		.byte	1
 166 0021 01        		.byte	1
 167 0022 00        		.byte	0
 168 0023 00        		.byte	0
 169 0024 09        		.byte	9
 170 0025 24        		.byte	36
 171 0026 01        		.byte	1
 172 0027 0001      		.word	256
 173 0029 1E00      		.word	30
 174 002b 01        		.byte	1
 175 002c 01        		.byte	1
 176 002d 0C        		.byte	12
 177 002e 24        		.byte	36
 178 002f 02        		.byte	2
 179 0030 01        		.byte	1
 180 0031 0101      		.word	257
 181 0033 00        		.byte	0
 182 0034 02        		.byte	2
 183 0035 0300      		.word	3
 184 0037 00        		.byte	0
 185 0038 00        		.byte	0
 186 0039 09        		.byte	9
 187 003a 24        		.byte	36
 188 003b 03        		.byte	3
 189 003c 02        		.byte	2
 190 003d 0103      		.word	769
 191 003f 00        		.byte	0
 192 0040 01        		.byte	1
 193 0041 00        		.byte	0
 194 0042 09        		.byte	9
 195 0043 04        		.byte	4
 196 0044 01        		.byte	1
 197 0045 00        		.byte	0
 198 0046 00        		.byte	0
 199 0047 01        		.byte	1
 200 0048 02        		.byte	2
 201 0049 00        		.byte	0
 202 004a 00        		.byte	0
 203 004b 09        		.byte	9
 204 004c 04        		.byte	4
 205 004d 01        		.byte	1
 206 004e 01        		.byte	1
 207 004f 01        		.byte	1
 208 0050 01        		.byte	1
 209 0051 02        		.byte	2
 210 0052 00        		.byte	0
 211 0053 00        		.byte	0
 212 0054 07        		.byte	7
 213 0055 24        		.byte	36
 214 0056 01        		.byte	1
 215 0057 01        		.byte	1
 216 0058 01        		.byte	1
 217 0059 0100      		.word	1
 218 005b 0B        		.byte	11
 219 005c 24        		.byte	36
 220 005d 02        		.byte	2
 221 005e 01        		.byte	1
 222 005f 02        		.byte	2
 223 0060 02        		.byte	2
 224 0061 10        		.byte	16
 225 0062 01        		.byte	1
 226 0063 80        		.byte	-128
 227 0064 BB        		.byte	-69
 228 0065 00        		.byte	0
 229 0066 09        		.byte	9
 230 0067 05        		.byte	5
 231 0068 01        		.byte	1
 232 0069 0D        		.byte	13
 233 006a 0001      		.word	256
 234 006c 01        		.byte	1
 235 006d 00        		.byte	0
 236 006e 00        		.byte	0
 237 006f 07        		.byte	7
 238 0070 25        		.byte	37
 239 0071 01        		.byte	1
 240 0072 00        		.byte	0
 241 0073 00        		.byte	0
 242 0074 0000      		.word	0
 243               	.global	LanguageString
 246               	LanguageString:
 247 0076 04        		.byte	4
 248 0077 03        		.byte	3
 249 0078 0904      		.word	1033
 250               	.global	ManufacturerString
 253               	ManufacturerString:
 254 007a 18        		.byte	24
 255 007b 03        		.byte	3
 256 007c 4400      		.string	"D"
 257 007e 6500      		.string	"e"
 258 0080 6100      		.string	"a"
 259 0082 6E00      		.string	"n"
 260 0084 2000      		.string	" "
 261 0086 4300      		.string	"C"
 262 0088 6100      		.string	"a"
 263 008a 6D00      		.string	"m"
 264 008c 6500      		.string	"e"
 265 008e 7200      		.string	"r"
 266 0090 6100      		.string	"a"
 267 0092 00        		.string	""
 268 0093 00        		.string	""
 269               	.global	ProductString
 272               	ProductString:
 273 0094 28        		.byte	40
 274 0095 03        		.byte	3
 275 0096 4C00      		.string	"L"
 276 0098 5500      		.string	"U"
 277 009a 4600      		.string	"F"
 278 009c 4100      		.string	"A"
 279 009e 2000      		.string	" "
 280 00a0 4100      		.string	"A"
 281 00a2 7500      		.string	"u"
 282 00a4 6400      		.string	"d"
 283 00a6 6900      		.string	"i"
 284 00a8 6F00      		.string	"o"
 285 00aa 2000      		.string	" "
 286 00ac 4F00      		.string	"O"
 287 00ae 7500      		.string	"u"
 288 00b0 7400      		.string	"t"
 289 00b2 2000      		.string	" "
 290 00b4 4400      		.string	"D"
 291 00b6 6500      		.string	"e"
 292 00b8 6D00      		.string	"m"
 293 00ba 6F00      		.string	"o"
 294 00bc 00        		.string	""
 295 00bd 00        		.string	""
 320               	.Letext0:
DEFINED SYMBOLS
                            *ABS*:00000000 Descriptors.c
C:\Users\Frankie\AppData\Local\Temp/cctAsvAh.s:2      *ABS*:0000003f __SREG__
C:\Users\Frankie\AppData\Local\Temp/cctAsvAh.s:3      *ABS*:0000003e __SP_H__
C:\Users\Frankie\AppData\Local\Temp/cctAsvAh.s:4      *ABS*:0000003d __SP_L__
C:\Users\Frankie\AppData\Local\Temp/cctAsvAh.s:5      *ABS*:00000034 __CCP__
C:\Users\Frankie\AppData\Local\Temp/cctAsvAh.s:6      *ABS*:00000000 __tmp_reg__
C:\Users\Frankie\AppData\Local\Temp/cctAsvAh.s:7      *ABS*:00000001 __zero_reg__
C:\Users\Frankie\AppData\Local\Temp/cctAsvAh.s:19     .text.CALLBACK_USB_GetDescriptor:00000000 CALLBACK_USB_GetDescriptor
C:\Users\Frankie\AppData\Local\Temp/cctAsvAh.s:133    .progmem.data:00000000 DeviceDescriptor
C:\Users\Frankie\AppData\Local\Temp/cctAsvAh.s:151    .progmem.data:00000012 ConfigurationDescriptor
C:\Users\Frankie\AppData\Local\Temp/cctAsvAh.s:246    .progmem.data:00000076 LanguageString
C:\Users\Frankie\AppData\Local\Temp/cctAsvAh.s:253    .progmem.data:0000007a ManufacturerString
C:\Users\Frankie\AppData\Local\Temp/cctAsvAh.s:272    .progmem.data:00000094 ProductString

NO UNDEFINED SYMBOLS
